<?xml version="1.0" encoding="UTF-8"?>
<!-- Generated by org.testng.reporters.JUnitReportReporter -->
<testsuite skipped="0" hostname="INLEN8520065198" name="BDD_Runner.BDD_GetRunner" tests="1" failures="0" timestamp="05 Aug 2022 04:24:27 GMT" time="0.006" errors="0">
  <testcase name="f" time="0.006" classname="BDD_Runner.BDD_GetRunner"/>
</testsuite> <!-- BDD_Runner.BDD_GetRunner -->
